<?xml version="1.0" encoding="UTF-8"?>
<TestRun id="a806ba41-d0e5-4aef-b4b3-392b84643072" name="hegdepr@WDPS818 2015-12-17 11:32:29" runUser="WFT\hegdepr" xmlns="http://microsoft.com/schemas/VisualStudio/TeamTest/2010">
  <TestSettings name="Default Test Settings" id="3517fb90-1bdd-4a11-a250-f06d39d24967">
    <Execution>
      <TestTypeSpecific />
      <AgentRule name="Execution Agents">
      </AgentRule>
    </Execution>
    <Deployment runDeploymentRoot="hegdepr_WDPS818 2015-12-17 11_32_29" />
  </TestSettings>
  <Times creation="2015-12-17T11:32:29.1259792+05:30" queuing="2015-12-17T11:32:29.3880316+05:30" start="2015-12-17T11:32:29.4635467+05:30" finish="2015-12-17T11:32:30.4167373+05:30" />
  <ResultSummary outcome="Failed">
    <Counters total="1" executed="1" error="0" failed="1" timeout="0" aborted="0" inconclusive="0" passedButRunAborted="0" notRunnable="0" notExecuted="0" disconnected="0" warning="0" passed="0" completed="0" inProgress="0" pending="0" />
  </ResultSummary>
  <TestDefinitions>
    <UnitTest name="ImportWellmodelFiles" storage="e:\project\lowis7\lowis_reports_testing\lowis_reports_testing\bin\debug\lowis_reports_testing.dll" id="e14b1520-96b2-eb87-429e-9e9d81476eba">
      <Description>Beam Charts Verification</Description>
      <DeploymentItems>
        <DeploymentItem filename="..\TestData\GLImport" />
      </DeploymentItems>
      <Execution id="db184e06-6a39-469e-8927-555bba65aa44" />
      <TestMethod codeBase="E:/Project/Lowis7/Lowis_Reports_Testing/Lowis_Reports_Testing/bin/Debug/Lowis_Reports_Testing.DLL" adapterTypeName="Microsoft.VisualStudio.TestTools.TestTypes.Unit.UnitTestAdapter, Microsoft.VisualStudio.QualityTools.Tips.UnitTest.Adapter, Version=11.0.0.0, Culture=neutral, PublicKeyToken=b03f5f7f11d50a3a" className="Lowis_Reports_Testing.ImportModelFiles, Lowis_Reports_Testing, Version=1.0.0.0, Culture=neutral, PublicKeyToken=null" name="ImportWellmodelFiles" />
      <Extension>Microsoft.VisualStudio.TestTools.UITesting.CodedUITestAttribute, Microsoft.VisualStudio.QualityTools.CodedUITestFramework, Version=11.0.0.0, Culture=neutral, PublicKeyToken=b03f5f7f11d50a3a</Extension>
    </UnitTest>
  </TestDefinitions>
  <TestLists>
    <TestList name="Results Not in a List" id="8c84fa94-04c1-424b-9868-57a2d4851a1d" />
    <TestList name="All Loaded Results" id="19431567-8539-422a-85d7-44ee4e166bda" />
  </TestLists>
  <TestEntries>
    <TestEntry testId="e14b1520-96b2-eb87-429e-9e9d81476eba" executionId="db184e06-6a39-469e-8927-555bba65aa44" testListId="8c84fa94-04c1-424b-9868-57a2d4851a1d" />
  </TestEntries>
  <Results>
    <UnitTestResult executionId="db184e06-6a39-469e-8927-555bba65aa44" testId="e14b1520-96b2-eb87-429e-9e9d81476eba" testName="ImportWellmodelFiles" computerName="WDPS818" duration="00:00:00.4724200" startTime="2015-12-17T11:32:29.4915523+05:30" endTime="2015-12-17T11:32:30.3587257+05:30" testType="13cdc9d9-ddb5-4fa4-a97d-d965ccfc6d4b" outcome="Failed" testListId="8c84fa94-04c1-424b-9868-57a2d4851a1d" relativeResultsDirectory="db184e06-6a39-469e-8927-555bba65aa44">
      <Output>
        <ErrorInfo>
          <Message>Test method Lowis_Reports_Testing.ImportModelFiles.ImportWellmodelFiles threw exception: 
System.IO.DirectoryNotFoundException: Could not find a part of the path 'E:\Project\Lowis7\TestData\Results\executionlog.txt'.</Message>
          <StackTrace>    at System.IO.__Error.WinIOError(Int32 errorCode, String maybeFullPath)
   at System.IO.FileStream.Init(String path, FileMode mode, FileAccess access, Int32 rights, Boolean useRights, FileShare share, Int32 bufferSize, FileOptions options, SECURITY_ATTRIBUTES secAttrs, String msgPath, Boolean bFromProxy, Boolean useLongPath, Boolean checkHost)
   at System.IO.FileStream..ctor(String path, FileMode mode, FileAccess access, FileShare share, Int32 bufferSize, FileOptions options, String msgPath, Boolean bFromProxy, Boolean useLongPath, Boolean checkHost)
   at System.IO.StreamWriter.CreateFile(String path, Boolean append, Boolean checkHost)
   at System.IO.StreamWriter..ctor(String path, Boolean append, Encoding encoding, Int32 bufferSize, Boolean checkHost)
   at System.IO.StreamWriter..ctor(String path, Boolean append, Encoding encoding)
   at System.IO.File.InternalAppendAllText(String path, String contents, Encoding encoding)
   at System.IO.File.AppendAllText(String path, String contents)
   at Lowis_Reports_Testing.ObjectLibrary.Helper.LogtoTextFile(String msg) in e:\Project\Lowis7\Lowis_Reports_Testing\Lowis_Reports_Testing\ObjectLibrary\Helper.cs:line 230
   at Lowis_Reports_Testing.ImportModelFiles.ImportWellmodelFiles() in e:\Project\Lowis7\Lowis_Reports_Testing\Lowis_Reports_Testing\Tests\ImportWellModels\ImportGLModels.cs:line 94
</StackTrace>
        </ErrorInfo>
      </Output>
      <ResultFiles>
        <ResultFile path="WDPS818\ImportWellmodelFiles.png" />
      </ResultFiles>
      <ExtensionResult>Exception has been thrown by the target of an invocation.</ExtensionResult>
    </UnitTestResult>
  </Results>
</TestRun>