<?xml version="1.0" encoding="UTF-8"?>
<TestRun id="e08bda62-bfa6-4306-9317-6a2f110bf28d" name="hegdepr@WDPS818 2015-12-17 11:58:11" runUser="WFT\hegdepr" xmlns="http://microsoft.com/schemas/VisualStudio/TeamTest/2010">
  <TestSettings name="Default Test Settings" id="47b1b524-16eb-4218-b801-6cbbcbfcd870">
    <Execution>
      <TestTypeSpecific />
      <AgentRule name="Execution Agents">
      </AgentRule>
    </Execution>
    <Deployment runDeploymentRoot="hegdepr_WDPS818 2015-12-17 11_58_11" />
  </TestSettings>
  <Times creation="2015-12-17T11:58:11.9429809+05:30" queuing="2015-12-17T11:58:12.2075338+05:30" start="2015-12-17T11:58:12.2825488+05:30" finish="2015-12-17T11:58:44.3279566+05:30" />
  <ResultSummary outcome="Completed">
    <Counters total="1" executed="1" passed="1" error="0" failed="0" timeout="0" aborted="0" inconclusive="0" passedButRunAborted="0" notRunnable="0" notExecuted="0" disconnected="0" warning="0" completed="0" inProgress="0" pending="0" />
  </ResultSummary>
  <TestDefinitions>
    <UnitTest name="ImportWellmodelFiles" storage="e:\project\lowis7\lowis_reports_testing\lowis_reports_testing\bin\debug\lowis_reports_testing.dll" id="e14b1520-96b2-eb87-429e-9e9d81476eba">
      <Description>Beam Charts Verification</Description>
      <DeploymentItems>
        <DeploymentItem filename="..\TestData\GLImport" />
      </DeploymentItems>
      <Execution id="5aea94c4-9e1b-4fe3-a3cc-b7fd394eacb8" />
      <TestMethod codeBase="E:/Project/Lowis7/Lowis_Reports_Testing/Lowis_Reports_Testing/bin/Debug/Lowis_Reports_Testing.DLL" adapterTypeName="Microsoft.VisualStudio.TestTools.TestTypes.Unit.UnitTestAdapter, Microsoft.VisualStudio.QualityTools.Tips.UnitTest.Adapter, Version=11.0.0.0, Culture=neutral, PublicKeyToken=b03f5f7f11d50a3a" className="Lowis_Reports_Testing.ImportModelFiles, Lowis_Reports_Testing, Version=1.0.0.0, Culture=neutral, PublicKeyToken=null" name="ImportWellmodelFiles" />
      <Extension>Microsoft.VisualStudio.TestTools.UITesting.CodedUITestAttribute, Microsoft.VisualStudio.QualityTools.CodedUITestFramework, Version=11.0.0.0, Culture=neutral, PublicKeyToken=b03f5f7f11d50a3a</Extension>
    </UnitTest>
  </TestDefinitions>
  <TestLists>
    <TestList name="Results Not in a List" id="8c84fa94-04c1-424b-9868-57a2d4851a1d" />
    <TestList name="All Loaded Results" id="19431567-8539-422a-85d7-44ee4e166bda" />
  </TestLists>
  <TestEntries>
    <TestEntry testId="e14b1520-96b2-eb87-429e-9e9d81476eba" executionId="5aea94c4-9e1b-4fe3-a3cc-b7fd394eacb8" testListId="8c84fa94-04c1-424b-9868-57a2d4851a1d" />
  </TestEntries>
  <Results>
    <UnitTestResult executionId="5aea94c4-9e1b-4fe3-a3cc-b7fd394eacb8" testId="e14b1520-96b2-eb87-429e-9e9d81476eba" testName="ImportWellmodelFiles" computerName="WDPS818" duration="00:00:21.5526822" startTime="2015-12-17T11:58:12.3105544+05:30" endTime="2015-12-17T11:58:34.2524419+05:30" testType="13cdc9d9-ddb5-4fa4-a97d-d965ccfc6d4b" outcome="Passed" testListId="8c84fa94-04c1-424b-9868-57a2d4851a1d" relativeResultsDirectory="5aea94c4-9e1b-4fe3-a3cc-b7fd394eacb8">
    </UnitTestResult>
  </Results>
</TestRun>