<?xml version="1.0" encoding="UTF-8"?>
<TestRun id="7d18e2e4-c5e0-4722-b11c-0d4f06c336f9" name="hegdepr@WDPS818 2015-12-17 12:10:56" runUser="WFT\hegdepr" xmlns="http://microsoft.com/schemas/VisualStudio/TeamTest/2010">
  <TestSettings name="Default Test Settings" id="6a36402b-406a-4dc5-a65d-a2db72d6c8c9">
    <Execution>
      <TestTypeSpecific />
      <AgentRule name="Execution Agents">
      </AgentRule>
    </Execution>
    <Deployment runDeploymentRoot="hegdepr_WDPS818 2015-12-17 12_10_56" />
  </TestSettings>
  <Times creation="2015-12-17T12:10:56.3808379+05:30" queuing="2015-12-17T12:10:56.6458909+05:30" start="2015-12-17T12:10:56.7214060+05:30" finish="2015-12-17T12:11:28.6222849+05:30" />
  <ResultSummary outcome="Completed">
    <Counters total="1" executed="1" passed="1" error="0" failed="0" timeout="0" aborted="0" inconclusive="0" passedButRunAborted="0" notRunnable="0" notExecuted="0" disconnected="0" warning="0" completed="0" inProgress="0" pending="0" />
  </ResultSummary>
  <TestDefinitions>
    <UnitTest name="ImportWellmodelFiles" storage="e:\project\lowis7\lowis_reports_testing\lowis_reports_testing\bin\debug\lowis_reports_testing.dll" id="e14b1520-96b2-eb87-429e-9e9d81476eba">
      <Description>Beam Charts Verification</Description>
      <DeploymentItems>
        <DeploymentItem filename="..\TestData\GLImport" />
      </DeploymentItems>
      <Execution id="5006ed41-ed71-44e6-a979-b20ef602a872" />
      <TestMethod codeBase="E:/Project/Lowis7/Lowis_Reports_Testing/Lowis_Reports_Testing/bin/Debug/Lowis_Reports_Testing.DLL" adapterTypeName="Microsoft.VisualStudio.TestTools.TestTypes.Unit.UnitTestAdapter, Microsoft.VisualStudio.QualityTools.Tips.UnitTest.Adapter, Version=11.0.0.0, Culture=neutral, PublicKeyToken=b03f5f7f11d50a3a" className="Lowis_Reports_Testing.ImportModelFiles, Lowis_Reports_Testing, Version=1.0.0.0, Culture=neutral, PublicKeyToken=null" name="ImportWellmodelFiles" />
      <Extension>Microsoft.VisualStudio.TestTools.UITesting.CodedUITestAttribute, Microsoft.VisualStudio.QualityTools.CodedUITestFramework, Version=11.0.0.0, Culture=neutral, PublicKeyToken=b03f5f7f11d50a3a</Extension>
    </UnitTest>
  </TestDefinitions>
  <TestLists>
    <TestList name="Results Not in a List" id="8c84fa94-04c1-424b-9868-57a2d4851a1d" />
    <TestList name="All Loaded Results" id="19431567-8539-422a-85d7-44ee4e166bda" />
  </TestLists>
  <TestEntries>
    <TestEntry testId="e14b1520-96b2-eb87-429e-9e9d81476eba" executionId="5006ed41-ed71-44e6-a979-b20ef602a872" testListId="8c84fa94-04c1-424b-9868-57a2d4851a1d" />
  </TestEntries>
  <Results>
    <UnitTestResult executionId="5006ed41-ed71-44e6-a979-b20ef602a872" testId="e14b1520-96b2-eb87-429e-9e9d81476eba" testName="ImportWellmodelFiles" computerName="WDPS818" duration="00:00:21.4058812" startTime="2015-12-17T12:10:56.7494116+05:30" endTime="2015-12-17T12:11:18.5467702+05:30" testType="13cdc9d9-ddb5-4fa4-a97d-d965ccfc6d4b" outcome="Passed" testListId="8c84fa94-04c1-424b-9868-57a2d4851a1d" relativeResultsDirectory="5006ed41-ed71-44e6-a979-b20ef602a872">
    </UnitTestResult>
  </Results>
</TestRun>