<?xml version="1.0" encoding="UTF-8"?>
<TestRun id="4d299fbd-b6d3-4c56-a0d5-558ada4f2933" name="hegdepr@WDPS818 2015-12-17 12:13:45" runUser="WFT\hegdepr" xmlns="http://microsoft.com/schemas/VisualStudio/TeamTest/2010">
  <TestSettings name="Default Test Settings" id="0686cb6f-be22-4aa2-aefb-0f486fde266a">
    <Execution>
      <TestTypeSpecific />
      <AgentRule name="Execution Agents">
      </AgentRule>
    </Execution>
    <Deployment runDeploymentRoot="hegdepr_WDPS818 2015-12-17 12_13_45" />
  </TestSettings>
  <Times creation="2015-12-17T12:13:45.8732296+05:30" queuing="2015-12-17T12:13:46.1352820+05:30" start="2015-12-17T12:13:46.2117973+05:30" finish="2015-12-17T12:14:18.2342005+05:30" />
  <ResultSummary outcome="Completed">
    <Counters total="1" executed="1" passed="1" error="0" failed="0" timeout="0" aborted="0" inconclusive="0" passedButRunAborted="0" notRunnable="0" notExecuted="0" disconnected="0" warning="0" completed="0" inProgress="0" pending="0" />
  </ResultSummary>
  <TestDefinitions>
    <UnitTest name="ImportWellmodelFiles" storage="e:\project\lowis7\lowis_reports_testing\lowis_reports_testing\bin\debug\lowis_reports_testing.dll" id="e14b1520-96b2-eb87-429e-9e9d81476eba">
      <Description>Beam Charts Verification</Description>
      <DeploymentItems>
        <DeploymentItem filename="..\TestData\GLImport" />
      </DeploymentItems>
      <Execution id="550905e6-c2cf-47be-99a3-cf3b831ec406" />
      <TestMethod codeBase="E:/Project/Lowis7/Lowis_Reports_Testing/Lowis_Reports_Testing/bin/Debug/Lowis_Reports_Testing.DLL" adapterTypeName="Microsoft.VisualStudio.TestTools.TestTypes.Unit.UnitTestAdapter, Microsoft.VisualStudio.QualityTools.Tips.UnitTest.Adapter, Version=11.0.0.0, Culture=neutral, PublicKeyToken=b03f5f7f11d50a3a" className="Lowis_Reports_Testing.ImportModelFiles, Lowis_Reports_Testing, Version=1.0.0.0, Culture=neutral, PublicKeyToken=null" name="ImportWellmodelFiles" />
      <Extension>Microsoft.VisualStudio.TestTools.UITesting.CodedUITestAttribute, Microsoft.VisualStudio.QualityTools.CodedUITestFramework, Version=11.0.0.0, Culture=neutral, PublicKeyToken=b03f5f7f11d50a3a</Extension>
    </UnitTest>
  </TestDefinitions>
  <TestLists>
    <TestList name="Results Not in a List" id="8c84fa94-04c1-424b-9868-57a2d4851a1d" />
    <TestList name="All Loaded Results" id="19431567-8539-422a-85d7-44ee4e166bda" />
  </TestLists>
  <TestEntries>
    <TestEntry testId="e14b1520-96b2-eb87-429e-9e9d81476eba" executionId="550905e6-c2cf-47be-99a3-cf3b831ec406" testListId="8c84fa94-04c1-424b-9868-57a2d4851a1d" />
  </TestEntries>
  <Results>
    <UnitTestResult executionId="550905e6-c2cf-47be-99a3-cf3b831ec406" testId="e14b1520-96b2-eb87-429e-9e9d81476eba" testName="ImportWellmodelFiles" computerName="WDPS818" duration="00:00:21.5307968" startTime="2015-12-17T12:13:46.2383026+05:30" endTime="2015-12-17T12:14:08.1606862+05:30" testType="13cdc9d9-ddb5-4fa4-a97d-d965ccfc6d4b" outcome="Passed" testListId="8c84fa94-04c1-424b-9868-57a2d4851a1d" relativeResultsDirectory="550905e6-c2cf-47be-99a3-cf3b831ec406">
    </UnitTestResult>
  </Results>
</TestRun>